Number of MTS in train set: 6278
Number of MTS in test set: 1570
Number of classes: 14
MTS length: 261
Window size: 52
Number of features: 5

Cross-validation - folds: 1, current: 0
Training set size: 1318380
Validation set size: 0
Testing set size: 329700

Accuracy train: 0.9800892003822873
Accuracy validation: -
Accuracy test: 0.6980891719745222

Precision train: 0.9805090656994695
Precision validation: -
Precision test: 0.6829741287295209

Recall train: 0.9800892003822873
Recall validation: -
Recall test: 0.6980891719745222

F1 train: 0.9800325162585125
F1 validation: -
F1 test: 0.6817570186801261
