Number of MTS in train set: 6278
Number of MTS in test set: 1570
Number of classes: 14
MTS length: 261
Window size: 52
Number of features: 5

Cross-validation - folds: 1, current: 0
Training set size: 1318380
Validation set size: 0
Testing set size: 329700
Number of MTS in train set: 6278
Number of MTS in test set: 1570
Number of classes: 14
MTS length: 261
Window size: 52
Number of features: 5

Cross-validation - folds: 1, current: 0
Training set size: 1318380
Validation set size: 0
Testing set size: 329700
Number of MTS in train set: 6278
Number of MTS in test set: 1570
Number of classes: 14
MTS length: 261
Window size: 52
Number of features: 5

Cross-validation - folds: 1, current: 0
Training set size: 1318380
Validation set size: 0
Testing set size: 329700
Number of MTS in train set: 6278
Number of MTS in test set: 1570
Number of classes: 14
MTS length: 261
Window size: 52
Number of features: 5

Cross-validation - folds: 1, current: 0
Training set size: 1318380
Validation set size: 0
Testing set size: 329700

Accuracy train: 0.9917171073590315
Accuracy validation: -
Accuracy test: 0.70828025477707

Precision train: 0.9917740326910539
Precision validation: -
Precision test: 0.6901743690938997

Recall train: 0.9917171073590315
Recall validation: -
Recall test: 0.70828025477707

F1 train: 0.99171102105543
F1 validation: -
F1 test: 0.6915555709575941
