Number of MTS in train set: 6278
Number of MTS in test set: 1570
Number of classes: 14
MTS length: 261
Window size: 52
Number of features: 5

Cross-validation - folds: 1, current: 0
Training set size: 1318380
Validation set size: 0
Testing set size: 329700

Accuracy train: 0.9799299139853457
Accuracy validation: -
Accuracy test: 0.7229299363057324

Precision train: 0.9804197290158316
Precision validation: -
Precision test: 0.7079841716904854

Recall train: 0.9799299139853457
Recall validation: -
Recall test: 0.7229299363057324

F1 train: 0.979857465903054
F1 validation: -
F1 test: 0.7072135932482341
